2022-11-29T19:13:02+00:00 DEBUG POST: https://ads.tiktok.com/marketing_api/api/developer/app/create_auto_approve/

{"business_platform":"PROD","smb_id":"tt4b_woocommerce_638659be599edhttplocalhostreflectionwp-admin","smb_name":"PROD","redirect_url":"http:\/\/localhost\/reflection\/wp-admin\/"}

2022-11-29T19:13:07+00:00 ERROR Tt4b_Mapi_Class::create_open_source_app: Response: 

http_request_failed: cURL error 28: Operation timed out after 5000 milliseconds with 0 bytes received

2022-11-29T19:13:08+00:00 DEBUG Tt4b_Mapi_Class::create_open_source_app: Response: 

HTTP/1.1 200 OK
Server: nginx
Content-Type: application/json
X-Tt-Logid: 20221129191307010245005027012282D0,20221129191307010245005027012282D0
x-tt-trace-host: 01effbaaede6fa61ea05deebf7441928cd5a8fb4fa9c3a637f2657bc3f38221b443ee6f9bd3f3fe57f42a1d5ed2313010660c30e91031e8714558d82d5b26a0b69ed0b443e9e33362bc93219cffac74f354f2b3edd09c17bf7809e95430e12873c
Content-Encoding: gzip
Content-Length: 209
X-Origin-Response-Time: 98,23.61.205.70
X-Akamai-Request-ID: 9d5f68ef.58053556
Date: Tue, 29 Nov 2022 19:13:08 GMT
X-Cache: TCP_MISS from a92-123-100-79.deploy.akamaitechnologies.com (AkamaiGHost/10.10.2-45048955) (-)
Connection: close
Vary: Accept-Encoding
X-Cache-Remote: TCP_MISS from a23-61-205-70.deploy.akamaitechnologies.com (AkamaiGHost/10.10.2-45048955) (-)
x-tt-trace-tag: id=16;cdn-cache=miss;type=dyn
Server-Timing: cdn-cache; desc=MISS, edge; dur=343, origin; dur=98
Server-Timing: inner; dur=96
X-Parent-Response-Time: 413,92.123.100.79

{"code":0,"msg":"ok","data":{"app_secret":"f8ab7c21366d92d36435d907f01c342e292725a6","redirect_uri":"http:\/\/localhost\/reflection\/wp-admin\/","app_id":"7171518134061367298","external_data_key":"388db12a-f97a-4886-b211-1e06f148d61b"}}

2022-11-29T21:15:13+00:00 DEBUG tt4b_product_sync: missing access token for tt4b_product_sync
2022-11-29T21:15:13+00:00 DEBUG tt4b_product_sync: missing access token for tt4b_product_sync
2022-11-29T21:15:13+00:00 DEBUG tt4b_product_sync: missing access token for tt4b_product_sync
2022-11-29T21:15:13+00:00 DEBUG tt4b_product_sync: missing access token for tt4b_product_sync
2022-11-29T21:15:13+00:00 DEBUG tt4b_product_sync: missing access token for tt4b_product_sync
2022-11-29T21:15:13+00:00 DEBUG tt4b_product_sync: missing access token for tt4b_product_sync
2022-11-29T21:15:14+00:00 DEBUG tt4b_product_sync: missing access token for tt4b_product_sync
2022-11-29T21:15:14+00:00 DEBUG tt4b_product_sync: missing access token for tt4b_product_sync
2022-11-29T21:15:14+00:00 DEBUG tt4b_product_sync: missing access token for tt4b_product_sync
2022-11-29T21:15:14+00:00 DEBUG tt4b_product_sync: missing access token for tt4b_product_sync
2022-11-29T21:15:14+00:00 DEBUG tt4b_product_sync: missing access token for tt4b_product_sync
2022-11-29T21:15:14+00:00 DEBUG tt4b_product_sync: missing access token for tt4b_product_sync
2022-11-29T21:15:14+00:00 DEBUG tt4b_product_sync: missing access token for tt4b_product_sync
2022-11-29T21:15:14+00:00 DEBUG tt4b_product_sync: missing access token for tt4b_product_sync
2022-11-29T21:15:14+00:00 DEBUG tt4b_product_sync: missing access token for tt4b_product_sync
2022-11-29T21:15:14+00:00 DEBUG tt4b_product_sync: missing access token for tt4b_product_sync
2022-11-29T21:15:14+00:00 DEBUG tt4b_product_sync: missing access token for tt4b_product_sync
2022-11-29T21:15:14+00:00 DEBUG tt4b_product_sync: missing access token for tt4b_product_sync
2022-11-29T21:15:14+00:00 DEBUG tt4b_product_sync: missing access token for tt4b_product_sync
2022-11-29T21:15:14+00:00 DEBUG tt4b_product_sync: missing access token for tt4b_product_sync
2022-11-29T21:16:19+00:00 DEBUG tt4b_product_sync: missing access token for tt4b_product_sync
2022-11-29T21:16:19+00:00 DEBUG tt4b_product_sync: missing access token for tt4b_product_sync
2022-11-29T21:16:19+00:00 DEBUG tt4b_product_sync: missing access token for tt4b_product_sync
2022-11-29T21:16:19+00:00 DEBUG tt4b_product_sync: missing access token for tt4b_product_sync
2022-11-29T21:16:19+00:00 DEBUG tt4b_product_sync: missing access token for tt4b_product_sync
2022-11-29T21:17:47+00:00 DEBUG tt4b_product_sync: missing access token for tt4b_product_sync
2022-11-29T21:18:38+00:00 DEBUG tt4b_product_sync: missing access token for tt4b_product_sync
2022-11-29T21:19:07+00:00 DEBUG tt4b_product_sync: missing access token for tt4b_product_sync
2022-11-29T21:31:53+00:00 DEBUG tt4b_product_sync: missing access token for tt4b_product_sync
2022-11-29T21:33:29+00:00 DEBUG tt4b_product_sync: missing access token for tt4b_product_sync
2022-11-29T21:33:41+00:00 DEBUG Tt4b_Pixel_Class::inject_view_content_event: hit injectViewContentEvent
2022-11-29T21:33:41+00:00 DEBUG Tt4b_Pixel_Class::inject_view_content_event: Missing option "access_token"
2022-11-29T21:35:15+00:00 DEBUG tt4b_product_sync: missing access token for tt4b_product_sync
2022-11-29T21:35:40+00:00 DEBUG tt4b_product_sync: missing access token for tt4b_product_sync
2022-11-29T21:39:39+00:00 DEBUG tt4b_product_sync: missing access token for tt4b_product_sync
2022-11-29T21:45:53+00:00 DEBUG tt4b_product_sync: missing access token for tt4b_product_sync
2022-11-29T22:01:19+00:00 DEBUG tt4b_product_sync: missing access token for tt4b_product_sync
2022-11-29T22:03:19+00:00 DEBUG tt4b_product_sync: missing access token for tt4b_product_sync
2022-11-29T22:04:22+00:00 DEBUG tt4b_product_sync: missing access token for tt4b_product_sync
2022-11-29T22:04:45+00:00 DEBUG tt4b_product_sync: missing access token for tt4b_product_sync
2022-11-29T22:04:50+00:00 DEBUG tt4b_product_sync: missing access token for tt4b_product_sync
2022-11-29T22:21:54+00:00 DEBUG tt4b_product_sync: missing access token for tt4b_product_sync
2022-11-29T22:22:10+00:00 DEBUG tt4b_product_sync: missing access token for tt4b_product_sync
2022-11-29T22:22:23+00:00 DEBUG Tt4b_Pixel_Class::inject_view_content_event: hit injectViewContentEvent
2022-11-29T22:22:23+00:00 DEBUG Tt4b_Pixel_Class::inject_view_content_event: Missing option "access_token"
2022-11-29T22:32:08+00:00 DEBUG tt4b_product_sync: missing access token for tt4b_product_sync
2022-11-29T22:32:27+00:00 DEBUG tt4b_product_sync: missing access token for tt4b_product_sync
2022-11-29T22:35:44+00:00 DEBUG tt4b_product_sync: missing access token for tt4b_product_sync
2022-11-29T22:46:00+00:00 DEBUG tt4b_product_sync: missing access token for tt4b_product_sync
2022-11-29T22:46:42+00:00 DEBUG Tt4b_Pixel_Class::inject_view_content_event: hit injectViewContentEvent
2022-11-29T22:46:42+00:00 DEBUG Tt4b_Pixel_Class::inject_view_content_event: Missing option "access_token"
2022-11-29T22:47:31+00:00 DEBUG tt4b_product_sync: missing access token for tt4b_product_sync
2022-11-29T22:47:52+00:00 DEBUG Tt4b_Pixel_Class::inject_view_content_event: hit injectViewContentEvent
2022-11-29T22:47:52+00:00 DEBUG Tt4b_Pixel_Class::inject_view_content_event: Missing option "access_token"
2022-11-29T22:48:26+00:00 DEBUG tt4b_product_sync: missing access token for tt4b_product_sync
2022-11-29T22:49:05+00:00 DEBUG tt4b_product_sync: missing access token for tt4b_product_sync
2022-11-29T22:54:34+00:00 DEBUG tt4b_product_sync: missing access token for tt4b_product_sync
2022-11-29T22:54:42+00:00 DEBUG Tt4b_Pixel_Class::inject_view_content_event: hit injectViewContentEvent
2022-11-29T22:54:42+00:00 DEBUG Tt4b_Pixel_Class::inject_view_content_event: Missing option "access_token"
2022-11-29T22:55:18+00:00 DEBUG tt4b_product_sync: missing access token for tt4b_product_sync
2022-11-29T22:55:27+00:00 DEBUG Tt4b_Pixel_Class::inject_view_content_event: hit injectViewContentEvent
2022-11-29T22:55:27+00:00 DEBUG Tt4b_Pixel_Class::inject_view_content_event: Missing option "access_token"
2022-11-29T22:55:50+00:00 DEBUG Tt4b_Pixel_Class::inject_view_content_event: hit injectViewContentEvent
2022-11-29T22:55:50+00:00 DEBUG Tt4b_Pixel_Class::inject_view_content_event: Missing option "access_token"
2022-11-29T22:55:55+00:00 DEBUG Tt4b_Pixel_Class::inject_view_content_event: hit injectViewContentEvent
2022-11-29T22:55:55+00:00 DEBUG Tt4b_Pixel_Class::inject_view_content_event: Missing option "access_token"
2022-11-29T22:56:17+00:00 DEBUG tt4b_product_sync: missing access token for tt4b_product_sync
2022-11-29T22:56:37+00:00 DEBUG tt4b_product_sync: missing access token for tt4b_product_sync
2022-11-29T22:58:38+00:00 DEBUG tt4b_product_sync: missing access token for tt4b_product_sync
2022-11-29T22:59:40+00:00 DEBUG tt4b_product_sync: missing access token for tt4b_product_sync
2022-11-29T22:59:48+00:00 DEBUG Tt4b_Pixel_Class::inject_view_content_event: hit injectViewContentEvent
2022-11-29T22:59:48+00:00 DEBUG Tt4b_Pixel_Class::inject_view_content_event: Missing option "access_token"
2022-11-29T23:00:27+00:00 DEBUG tt4b_product_sync: missing access token for tt4b_product_sync
2022-11-29T23:00:38+00:00 DEBUG Tt4b_Pixel_Class::inject_view_content_event: hit injectViewContentEvent
2022-11-29T23:00:38+00:00 DEBUG Tt4b_Pixel_Class::inject_view_content_event: Missing option "access_token"
2022-11-29T23:01:18+00:00 DEBUG tt4b_product_sync: missing access token for tt4b_product_sync
2022-11-29T23:01:27+00:00 DEBUG Tt4b_Pixel_Class::inject_view_content_event: hit injectViewContentEvent
2022-11-29T23:01:27+00:00 DEBUG Tt4b_Pixel_Class::inject_view_content_event: Missing option "access_token"
2022-11-29T23:01:30+00:00 DEBUG Tt4b_Pixel_Class::inject_add_to_cart_event: hit injectAddToCartEvent
2022-11-29T23:01:30+00:00 DEBUG Tt4b_Pixel_Class::inject_add_to_cart_event: Missing option "access_token"
2022-11-29T23:50:02+00:00 DEBUG tt4b_product_sync: missing access token for tt4b_product_sync
2022-11-29T23:50:33+00:00 DEBUG tt4b_product_sync: missing access token for tt4b_product_sync
2022-11-29T23:51:03+00:00 DEBUG tt4b_product_sync: missing access token for tt4b_product_sync
2022-11-29T23:51:21+00:00 DEBUG tt4b_product_sync: missing access token for tt4b_product_sync
2022-11-29T23:52:24+00:00 DEBUG tt4b_product_sync: missing access token for tt4b_product_sync
2022-11-29T23:52:24+00:00 DEBUG tt4b_product_sync: missing access token for tt4b_product_sync
2022-11-29T23:52:28+00:00 DEBUG tt4b_product_sync: missing access token for tt4b_product_sync
2022-11-29T23:52:30+00:00 DEBUG tt4b_product_sync: missing access token for tt4b_product_sync
2022-11-29T23:52:32+00:00 DEBUG tt4b_product_sync: missing access token for tt4b_product_sync
2022-11-29T23:52:37+00:00 DEBUG tt4b_product_sync: missing access token for tt4b_product_sync
2022-11-29T23:52:43+00:00 DEBUG tt4b_product_sync: missing access token for tt4b_product_sync
